<?xml version="1.0" encoding="UTF-8"?>
<testsuite name="test.pivotal.pal.gradle.MessengerTest" tests="1" skipped="0" failures="0" errors="0" timestamp="2018-03-26T17:23:27" hostname="accenturelabss-iMac-2.local" time="0.001">
  <properties/>
  <testcase name="testGetMessage" classname="test.pivotal.pal.gradle.MessengerTest" time="0.001"/>
  <system-out><![CDATA[]]></system-out>
  <system-err><![CDATA[]]></system-err>
</testsuite>
